mktextfm Raleway
mktextfm Raleway
mktextfm Arial
mktextfm Arial
mktextfm Arial
mktextfm Arial/BI
mktextfm Arial
mktextfm Arial/B
mktextfm Arial
mktextfm Arial/I
mktextfm FoundrySterling-Book
mktextfm FoundSteBoo
mktextfm FoundSteBoo/BI
mktextfm FoundSteBoo/B
mktextfm FoundSteBoo/I
mktextfm FoundSteBoo/B
mktextfm FoundSteBoo/BI
mktextfm FoundSteBoo/B
mktextfm FoundSteBoo/I
mktextfm FoundSteBoo/B
mktextfm FoundSteBoo/BI
mktextfm FoundSteBoo/B
mktextfm FoundSteBoo/I
mktextfm FoundSteBoo/B
mktextfm phv
mktextfm FoundSteBoo/BI
mktextfm FoundSteBoo/B
mktextfm FoundSteBoo/I
mktextfm FoundSteBoo/B
mktextfm FoundSteBoo/BI
mktextfm FoundSteBoo/B
mktextfm FoundSteBoo/I
mktextfm FoundSteBoo/B
mktextfm FoundSteBoo/BI
mktextfm FoundSteBoo/B
mktextfm FoundSteBoo/I
mktextfm FoundSteBoo/B
mktextfm FoundSteBoo-Light
mktextfm FoundSteBoo/BI
mktextfm FoundSteBoo/B
mktextfm FoundSteBoo/I
mktextfm FoundSteBoo/B
